<?xml version="1.0" encoding="UTF-8"?>
<testng-results ignored="0" total="5" passed="4" failed="1" skipped="0">
  <reporter-output>
  </reporter-output>
  <suite started-at="2022-09-27T22:57:03 IST" name="Default suite" finished-at="2022-09-27T22:59:05 IST" duration-ms="121677">
    <groups>
    </groups>
    <test started-at="2022-09-27T22:57:03 IST" name="Default test" finished-at="2022-09-27T22:59:05 IST" duration-ms="121677">
      <class name="test.TestNGLogin">
        <test-method is-config="true" signature="launchBrowser()[pri:0, instance:test.TestNGLogin@2e005c4b]" started-at="2022-09-27T22:57:03 IST" name="launchBrowser" finished-at="2022-09-27T22:57:09 IST" duration-ms="6057" status="PASS">
          <reporter-output>
          </reporter-output>
        </test-method> <!-- launchBrowser -->
        <test-method is-config="true" signature="createPOMObjects()[pri:0, instance:test.TestNGLogin@2e005c4b]" started-at="2022-09-27T22:57:09 IST" name="createPOMObjects" finished-at="2022-09-27T22:57:09 IST" duration-ms="87" status="PASS">
          <reporter-output>
          </reporter-output>
        </test-method> <!-- createPOMObjects -->
        <test-method is-config="true" signature="openUrl()[pri:0, instance:test.TestNGLogin@2e005c4b]" started-at="2022-09-27T22:57:09 IST" name="openUrl" finished-at="2022-09-27T22:57:14 IST" duration-ms="4244" status="PASS">
          <reporter-output>
          </reporter-output>
        </test-method> <!-- openUrl -->
        <test-method signature="loginToFB()[pri:1, instance:test.TestNGLogin@2e005c4b]" started-at="2022-09-27T22:57:14 IST" name="loginToFB" finished-at="2022-09-27T22:57:19 IST" duration-ms="5057" status="PASS">
          <reporter-output>
          </reporter-output>
        </test-method> <!-- loginToFB -->
        <test-method is-config="true" signature="afterMethod(org.testng.ITestResult)[pri:0, instance:test.TestNGLogin@2e005c4b]" started-at="2022-09-27T22:57:19 IST" name="afterMethod" finished-at="2022-09-27T22:57:19 IST" duration-ms="7" status="PASS">
          <params>
            <param index="0">
              <value>
                <![CDATA[[TestResult name=loginToFB status=SUCCESS method=TestNGLogin.loginToFB()[pri:1, instance:test.TestNGLogin@2e005c4b] output={null}]]]>
              </value>
            </param>
          </params>
          <reporter-output>
          </reporter-output>
        </test-method> <!-- afterMethod -->
        <test-method is-config="true" signature="openUrl()[pri:0, instance:test.TestNGLogin@2e005c4b]" started-at="2022-09-27T22:57:19 IST" name="openUrl" finished-at="2022-09-27T22:57:50 IST" duration-ms="31276" status="PASS">
          <reporter-output>
          </reporter-output>
        </test-method> <!-- openUrl -->
        <test-method signature="loginToFB()[pri:1, instance:test.TestNGLogin@2e005c4b]" started-at="2022-09-27T22:57:50 IST" name="loginToFB" finished-at="2022-09-27T22:57:50 IST" duration-ms="157" status="FAIL">
          <exception class="org.openqa.selenium.NoSuchElementException">
            <message>
              <![CDATA[no such element: Unable to locate element: {"method":"xpath","selector":"//input[@id='email']"}
  (Session info: chrome=105.0.5195.127)
For documentation on this error, please visit: https://www.seleniumhq.org/exceptions/no_such_element.html
Build info: version: '3.141.59', revision: 'e82be7d358', time: '2018-11-14T08:17:03'
System info: host: 'DESKTOP-D54JPUJ', ip: '192.168.0.107', os.name: 'Windows 10', os.arch: 'amd64', os.version: '10.0', java.version: '18.0.1.1'
Driver info: org.openqa.selenium.chrome.ChromeDriver
Capabilities {acceptInsecureCerts: false, browserName: chrome, browserVersion: 105.0.5195.127, chrome: {chromedriverVersion: 105.0.5195.52 (412c95e51883..., userDataDir: C:\Users\admin\AppData\Loca...}, goog:chromeOptions: {debuggerAddress: localhost:51832}, javascriptEnabled: true, networkConnectionEnabled: false, pageLoadStrategy: normal, platform: WINDOWS, platformName: WINDOWS, proxy: Proxy(), setWindowRect: true, strictFileInteractability: false, timeouts: {implicit: 0, pageLoad: 300000, script: 30000}, unhandledPromptBehavior: dismiss and notify, webauthn:extension:credBlob: true, webauthn:extension:largeBlob: true, webauthn:virtualAuthenticators: true}
Session ID: 9cb42ae2dc7871fe1e7c2b97b20101fd
*** Element info: {Using=xpath, value=//input[@id='email']}]]>
            </message>
            <full-stacktrace>
              <![CDATA[org.openqa.selenium.NoSuchElementException: no such element: Unable to locate element: {"method":"xpath","selector":"//input[@id='email']"}
  (Session info: chrome=105.0.5195.127)
For documentation on this error, please visit: https://www.seleniumhq.org/exceptions/no_such_element.html
Build info: version: '3.141.59', revision: 'e82be7d358', time: '2018-11-14T08:17:03'
System info: host: 'DESKTOP-D54JPUJ', ip: '192.168.0.107', os.name: 'Windows 10', os.arch: 'amd64', os.version: '10.0', java.version: '18.0.1.1'
Driver info: org.openqa.selenium.chrome.ChromeDriver
Capabilities {acceptInsecureCerts: false, browserName: chrome, browserVersion: 105.0.5195.127, chrome: {chromedriverVersion: 105.0.5195.52 (412c95e51883..., userDataDir: C:\Users\admin\AppData\Loca...}, goog:chromeOptions: {debuggerAddress: localhost:51832}, javascriptEnabled: true, networkConnectionEnabled: false, pageLoadStrategy: normal, platform: WINDOWS, platformName: WINDOWS, proxy: Proxy(), setWindowRect: true, strictFileInteractability: false, timeouts: {implicit: 0, pageLoad: 300000, script: 30000}, unhandledPromptBehavior: dismiss and notify, webauthn:extension:credBlob: true, webauthn:extension:largeBlob: true, webauthn:virtualAuthenticators: true}
Session ID: 9cb42ae2dc7871fe1e7c2b97b20101fd
*** Element info: {Using=xpath, value=//input[@id='email']}
at java.base/jdk.internal.reflect.DirectConstructorHandleAccessor.newInstance(DirectConstructorHandleAccessor.java:67)
at java.base/java.lang.reflect.Constructor.newInstanceWithCaller(Constructor.java:499)
at java.base/java.lang.reflect.Constructor.newInstance(Constructor.java:483)
at org.openqa.selenium.remote.http.W3CHttpResponseCodec.createException(W3CHttpResponseCodec.java:187)
at org.openqa.selenium.remote.http.W3CHttpResponseCodec.decode(W3CHttpResponseCodec.java:122)
at org.openqa.selenium.remote.http.W3CHttpResponseCodec.decode(W3CHttpResponseCodec.java:49)
at org.openqa.selenium.remote.HttpCommandExecutor.execute(HttpCommandExecutor.java:158)
at org.openqa.selenium.remote.service.DriverCommandExecutor.execute(DriverCommandExecutor.java:83)
at org.openqa.selenium.remote.RemoteWebDriver.execute(RemoteWebDriver.java:552)
at org.openqa.selenium.remote.RemoteWebDriver.findElement(RemoteWebDriver.java:323)
at org.openqa.selenium.remote.RemoteWebDriver.findElementByXPath(RemoteWebDriver.java:428)
at org.openqa.selenium.By$ByXPath.findElement(By.java:353)
at org.openqa.selenium.remote.RemoteWebDriver.findElement(RemoteWebDriver.java:315)
at org.openqa.selenium.support.pagefactory.DefaultElementLocator.findElement(DefaultElementLocator.java:69)
at org.openqa.selenium.support.pagefactory.internal.LocatingElementHandler.invoke(LocatingElementHandler.java:38)
at jdk.proxy2/jdk.proxy2.$Proxy16.sendKeys(Unknown Source)
at pages.LoginOrSignUpPage.sendUserName(LoginOrSignUpPage.java:37)
at test.TestNGLogin.loginToFB(TestNGLogin.java:47)
at java.base/jdk.internal.reflect.DirectMethodHandleAccessor.invoke(DirectMethodHandleAccessor.java:104)
at java.base/java.lang.reflect.Method.invoke(Method.java:577)
at org.testng.internal.MethodInvocationHelper.invokeMethod(MethodInvocationHelper.java:133)
at org.testng.internal.TestInvoker.invokeMethod(TestInvoker.java:598)
at org.testng.internal.TestInvoker.invokeTestMethod(TestInvoker.java:173)
at org.testng.internal.MethodRunner.runInSequence(MethodRunner.java:46)
at org.testng.internal.TestInvoker$MethodInvocationAgent.invoke(TestInvoker.java:824)
at org.testng.internal.TestInvoker.invokeTestMethods(TestInvoker.java:146)
at org.testng.internal.TestMethodWorker.invokeTestMethods(TestMethodWorker.java:146)
at org.testng.internal.TestMethodWorker.run(TestMethodWorker.java:128)
at java.base/java.util.ArrayList.forEach(ArrayList.java:1511)
at org.testng.TestRunner.privateRun(TestRunner.java:794)
at org.testng.TestRunner.run(TestRunner.java:596)
at org.testng.SuiteRunner.runTest(SuiteRunner.java:377)
at org.testng.SuiteRunner.runSequentially(SuiteRunner.java:371)
at org.testng.SuiteRunner.privateRun(SuiteRunner.java:332)
at org.testng.SuiteRunner.run(SuiteRunner.java:276)
at org.testng.SuiteRunnerWorker.runSuite(SuiteRunnerWorker.java:53)
at org.testng.SuiteRunnerWorker.run(SuiteRunnerWorker.java:96)
at org.testng.TestNG.runSuitesSequentially(TestNG.java:1212)
at org.testng.TestNG.runSuitesLocally(TestNG.java:1134)
at org.testng.TestNG.runSuites(TestNG.java:1063)
at org.testng.TestNG.run(TestNG.java:1031)
at org.testng.remote.AbstractRemoteTestNG.run(AbstractRemoteTestNG.java:115)
at org.testng.remote.RemoteTestNG.initAndRun(RemoteTestNG.java:251)
at org.testng.remote.RemoteTestNG.main(RemoteTestNG.java:77)
]]>
            </full-stacktrace>
          </exception> <!-- org.openqa.selenium.NoSuchElementException -->
          <reporter-output>
          </reporter-output>
        </test-method> <!-- loginToFB -->
        <test-method is-config="true" signature="afterMethod(org.testng.ITestResult)[pri:0, instance:test.TestNGLogin@2e005c4b]" started-at="2022-09-27T22:57:50 IST" name="afterMethod" finished-at="2022-09-27T22:57:50 IST" duration-ms="107" status="PASS">
          <params>
            <param index="0">
              <value>
                <![CDATA[[TestResult name=loginToFB status=FAILURE method=TestNGLogin.loginToFB()[pri:1, instance:test.TestNGLogin@2e005c4b] output={null}]]]>
              </value>
            </param>
          </params>
          <reporter-output>
          </reporter-output>
        </test-method> <!-- afterMethod -->
        <test-method is-config="true" signature="openUrl()[pri:0, instance:test.TestNGLogin@2e005c4b]" started-at="2022-09-27T22:57:50 IST" name="openUrl" finished-at="2022-09-27T22:57:53 IST" duration-ms="2653" status="PASS">
          <reporter-output>
          </reporter-output>
        </test-method> <!-- openUrl -->
        <test-method signature="loginToFB()[pri:1, instance:test.TestNGLogin@2e005c4b]" started-at="2022-09-27T22:57:53 IST" name="loginToFB" finished-at="2022-09-27T22:57:54 IST" duration-ms="612" status="PASS">
          <reporter-output>
          </reporter-output>
        </test-method> <!-- loginToFB -->
        <test-method is-config="true" signature="afterMethod(org.testng.ITestResult)[pri:0, instance:test.TestNGLogin@2e005c4b]" started-at="2022-09-27T22:57:54 IST" name="afterMethod" finished-at="2022-09-27T22:57:54 IST" duration-ms="1" status="PASS">
          <params>
            <param index="0">
              <value>
                <![CDATA[[TestResult name=loginToFB status=SUCCESS method=TestNGLogin.loginToFB()[pri:1, instance:test.TestNGLogin@2e005c4b] output={null}]]]>
              </value>
            </param>
          </params>
          <reporter-output>
          </reporter-output>
        </test-method> <!-- afterMethod -->
        <test-method is-config="true" signature="openUrl()[pri:0, instance:test.TestNGLogin@2e005c4b]" started-at="2022-09-27T22:57:54 IST" name="openUrl" finished-at="2022-09-27T22:58:25 IST" duration-ms="31290" status="PASS">
          <reporter-output>
          </reporter-output>
        </test-method> <!-- openUrl -->
        <test-method signature="loginToFB()[pri:1, instance:test.TestNGLogin@2e005c4b]" started-at="2022-09-27T22:58:25 IST" name="loginToFB" finished-at="2022-09-27T22:58:25 IST" duration-ms="430" status="PASS">
          <reporter-output>
          </reporter-output>
        </test-method> <!-- loginToFB -->
        <test-method is-config="true" signature="afterMethod(org.testng.ITestResult)[pri:0, instance:test.TestNGLogin@2e005c4b]" started-at="2022-09-27T22:58:25 IST" name="afterMethod" finished-at="2022-09-27T22:58:25 IST" duration-ms="0" status="PASS">
          <params>
            <param index="0">
              <value>
                <![CDATA[[TestResult name=loginToFB status=SUCCESS method=TestNGLogin.loginToFB()[pri:1, instance:test.TestNGLogin@2e005c4b] output={null}]]]>
              </value>
            </param>
          </params>
          <reporter-output>
          </reporter-output>
        </test-method> <!-- afterMethod -->
        <test-method is-config="true" signature="openUrl()[pri:0, instance:test.TestNGLogin@2e005c4b]" started-at="2022-09-27T22:58:25 IST" name="openUrl" finished-at="2022-09-27T22:58:56 IST" duration-ms="30175" status="PASS">
          <reporter-output>
          </reporter-output>
        </test-method> <!-- openUrl -->
        <test-method signature="loginToFB()[pri:1, instance:test.TestNGLogin@2e005c4b]" started-at="2022-09-27T22:58:56 IST" name="loginToFB" finished-at="2022-09-27T22:58:56 IST" duration-ms="455" status="PASS">
          <reporter-output>
          </reporter-output>
        </test-method> <!-- loginToFB -->
        <test-method is-config="true" signature="afterMethod(org.testng.ITestResult)[pri:0, instance:test.TestNGLogin@2e005c4b]" started-at="2022-09-27T22:58:56 IST" name="afterMethod" finished-at="2022-09-27T22:58:56 IST" duration-ms="0" status="PASS">
          <params>
            <param index="0">
              <value>
                <![CDATA[[TestResult name=loginToFB status=SUCCESS method=TestNGLogin.loginToFB()[pri:1, instance:test.TestNGLogin@2e005c4b] output={null}]]]>
              </value>
            </param>
          </params>
          <reporter-output>
          </reporter-output>
        </test-method> <!-- afterMethod -->
        <test-method is-config="true" signature="removePOMObjects()[pri:0, instance:test.TestNGLogin@2e005c4b]" started-at="2022-09-27T22:58:56 IST" name="removePOMObjects" finished-at="2022-09-27T22:58:56 IST" duration-ms="1" status="PASS">
          <reporter-output>
          </reporter-output>
        </test-method> <!-- removePOMObjects -->
        <test-method is-config="true" signature="closeBrowser()[pri:0, instance:test.TestNGLogin@2e005c4b]" started-at="2022-09-27T22:58:56 IST" name="closeBrowser" finished-at="2022-09-27T22:59:05 IST" duration-ms="8945" status="PASS">
          <reporter-output>
          </reporter-output>
        </test-method> <!-- closeBrowser -->
      </class> <!-- test.TestNGLogin -->
    </test> <!-- Default test -->
  </suite> <!-- Default suite -->
</testng-results>
